Analysis initiated from SIMULIA established products
Abaqus JOB UT_75_polyN
Abaqus 2023
Abaqus License Manager checked out the following licenses:
Abaqus/Standard checked out 5 tokens from Flexnet server lic-abaqus.ethz.ch.
<1224 out of 1714 licenses remain available>.
Begin Compiling Abaqus/Standard User Subroutines
5/27/2024 4:52:17 PM
Intel(R) Fortran Intel(R) 64 Compiler Classic for applications running on Intel(R) 64, Version 2021.12.0 Build 20240222_000000
Copyright (C) 1985-2024 Intel Corporation.  All rights reserved.

ifort: remark #10448: Intel(R) Fortran Compiler Classic (ifort) is now deprecated and will be discontinued late 2024. Intel recommends that customers transition now to using the LLVM-based Intel(R) Fortran Compiler (ifx) for continued Windows* and Linux* support, new language support, new language features, and optimizations. Use '/Qdiag-disable:10448' to disable this message.
End Compiling Abaqus/Standard User Subroutines
Begin Linking Abaqus/Standard User Subroutines
Microsoft (R) Incremental Linker Version 14.29.30154.0
Copyright (C) Microsoft Corporation.  All rights reserved.

   Creating library standardU.lib and object standardU.exp
End Linking Abaqus/Standard User Subroutines
5/27/2024 4:52:22 PM
Begin Analysis Input File Processor
5/27/2024 4:52:22 PM
Run pre.exe
5/27/2024 4:52:25 PM
End Analysis Input File Processor
Begin Abaqus/Standard Analysis
5/27/2024 4:52:25 PM
Run standard.exe
5/27/2024 4:52:30 PM
End Abaqus/Standard Analysis
Begin SIM Wrap-up
5/27/2024 4:52:32 PM
Run SMASimUtility.exe
5/27/2024 4:52:32 PM
End SIM Wrap-up
Abaqus JOB UT_75_polyN COMPLETED
