Abaqus Warning: The .inp extension has been removed from the job identifier
Analysis initiated from SIMULIA established products
Abaqus JOB temp_CH_90_UMAT_[2]_100
Abaqus 2023
Abaqus License Manager checked out the following licenses:
Abaqus/Standard checked out 19 tokens from Flexnet server lic-abaqus.ethz.ch.
<1174 out of 1714 licenses remain available>.
Begin Compiling Abaqus/Standard User Subroutines
Mon 22 Jul 2024 03:11:00 PM CEST
Intel(R) Fortran Intel(R) 64 Compiler Classic for applications running on Intel(R) 64, Version 2021.10.0 Build 20230609_000000
Copyright (C) 1985-2023 Intel Corporation.  All rights reserved.

ifort: command line warning #10434: option '-extend_source' use with underscore is deprecated; use '-extend-source' instead
 Intel(R) Fortran 2021.10.0-1769.02
UMAT_PolyNmini_3D_swift.for(36): remark #15009: umat_ has been targeted for automatic cpu dispatch
UMAT_PolyNmini_3D_swift.for(641): remark #15009: lsearch_ has been targeted for automatic cpu dispatch
UMAT_PolyNmini_3D_swift.for(883): remark #15009: gyfunction_ has been targeted for automatic cpu dispatch
UMAT_PolyNmini_3D_swift.for(693): remark #15009: poly2d_ has been targeted for automatic cpu dispatch
UMAT_PolyNmini_3D_swift.for(724): remark #15009: gradpoly2d_ has been targeted for automatic cpu dispatch
UMAT_PolyNmini_3D_swift.for(955): remark #15009: hyfunction_ has been targeted for automatic cpu dispatch
UMAT_PolyNmini_3D_swift.for(846): remark #15009: yfunction_ has been targeted for automatic cpu dispatch
End Compiling Abaqus/Standard User Subroutines
Begin Linking Abaqus/Standard User Subroutines
Intel(R) Fortran Intel(R) 64 Compiler Classic for applications running on Intel(R) 64, Version 2021.10.0 Build 20230609_000000
Copyright (C) 1985-2023 Intel Corporation.  All rights reserved.

GNU ld (GNU Binutils for Ubuntu) 2.38
ld: warning: libmpi.so.12, needed by /cluster/software/commercial/abaqus/2023/x86_64/2023/linux_a64/code/bin/SMAExternal/impi/lib/libmpifort.so, not found (try using -rpath or -rpath-link)
ld: /cluster/software/commercial/abaqus/2023/x86_64/2023/linux_a64/code/lib/libstandardU_static.a(fric.o): warning: relocation against `fric_' in read-only section `.trace'
ld: warning: creating DT_TEXTREL in a shared object
End Linking Abaqus/Standard User Subroutines
Mon 22 Jul 2024 03:11:10 PM CEST
Begin Analysis Input File Processor
Mon 22 Jul 2024 03:11:10 PM CEST
Run pre
Mon 22 Jul 2024 03:11:13 PM CEST
End Analysis Input File Processor
Begin Abaqus/Standard Analysis
Mon 22 Jul 2024 03:11:13 PM CEST
Run standard
