0
1
0
Assembly-1
1
PART-1-1
PART-1
1
PART-1-1
14
-2147483647
0
48 1 16 5 0 1 0 -1 -1 22878 1 -1879048189 1 22878 
0
1
PART-1-1
14
-2147483647
0
48 1 16 5 0 1 0 -1 -1 19520 1 -1879048189 1 19520 
0
0
1
PART-1-1
2
ELALL
0
1
14
-2147483647
48 1 16 5 0 1 0 -1 -1 19520 1 -1879048189 1 19520 
0
0
ONSET
0
1
2
5760 16500 
0
0
0
0
1
PART-1-1
8
BASE
0
1
1
4923 
0
0
EXT_Y05
0
1
1
3689 
0
0
LOAD
0
1
1
1683 
0
0
NALL
0
1
14
-2147483647
48 1 16 5 0 1 0 -1 -1 22878 1 -1879048189 1 22878 
0
0
XMIN
0
1
90
-2147483647
352 1 16 81 0 1 0 -1 -1 558 9 -1073741813 -1073741801 -1073741797 -1073741794 -1073741781 -1073741777 -1073741772 -1073741766 -1073741756 3 320 16646799 0 0 2097088 0 0 0 402653184 0 32704 579 64 -128 7 1379 32 262128 3427 352 6684672 0 0 8176 0 33552384 0 0 2044 -262144 536870911 4323 64 -262144 63 7651 96 -8 -1 65535 8675 128 1280 0 -1040448 1023 11843 256 262144 65648 0 393216 65536 828375040 134160 131016 14339 352 -131072 -1 -1 -1 -1 -1 -1 132607 135274496 -8322556 2175 
0
0
YMAX
0
1
25
-2147483647
92 1 16 16 0 1 0 -1 -1 368 4 -1879048186 -1342177272 -1879048180 -1879048178 9 4 215 39 2 43 299 14 1411 272 
0
0
YMIN
0
1
39
-2147483647
148 1 16 30 0 1 0 -1 -1 368 3 -1073741819 -1073741805 -1073741801 3322 384 -1 -1 -1 1509982207 0 0 -4194304 536870911 133177280 0 -16 2047 4538 64 -64 65535 4794 160 -1024 -1 -1 -1 1 
0
0
ZMIN
0
1
136
-2147483647
536 1 16 127 0 1 0 -1 -1 2542 37 -1342177241 -1342177237 -1879048145 -1342177231 -1879048139 -1879048137 -1879048135 -1879048133 -1879048131 -1879048129 -1879048127 -1879048125 -1879048123 -1610612665 -1879048118 -1879048116 -1879048114 -1879048112 -1879048110 -1879048108 -1879048106 -1879048104 -1342177190 -1879048098 -1879048096 -1879048094 -1342177180 -1879048088 -1879048086 -1610612628 -1610612625 -1879048078 -1879048076 -1879048074 -1610612616 -1879048069 -1879048067 1 1 2 3 6 2 2 5 27 39 112 4 2 15 174 39 256 43 798 156 1305 78 3439 3 3444 4 3450 15 3466 118 3612 25 4007 19 7 4140 139 4368 48 4460 36 4534 8 4760 36 7808 429 8684 2 8706 39 8770 11 2 22 11879 3 11891 1 11958 15 12008 2 2 16 12027 2 12038 1 12044 2 3 12070 2 22 13186 1170 14566 7 14579 1 14609 5 7 14644 1 14650 16 
0
0
0
0
0
