Abaqus/Explicit 2023                             DATE 19-Jun-2024  TIME 15:07:44
-------------------------------------------------------------------------------
 PREPROCESSOR WARNING MESSAGES
-------------------------------------------------------------------------------


***WARNING: There are 5 warning messages in the data (.dat) file.  Please
            check the data file for possible errors in the input file.


-------------------------------------------------------------------------------
  USER SUBROUTINE VUMAT
-------------------------------------------------------------------------------


***WARNING: A material defined in user subroutine VUMAT must be defined as
            purely elastic (using the initial elastic modulus) at the
            beginning of the analysis (stepTime=0). This is an informative
            message. It does not necessarily indicate that user subroutine
            VUMAT is incorrectly defined.


-------------------------------------------------------------------------------
 MODEL INFORMATION (IN GLOBAL X-Y COORDINATES)
-------------------------------------------------------------------------------

   Total mass (unscaled) in model = 7.85000E-12
   Center of mass of model (based on unscaled mass) = ( 5.000000E-02, 5.000000E-02, 5.000000E-02)

    Moments of Inertia :
                 About Center of Mass              About Origin
      I(XX)          3.925000E-14                  7.850000E-14
      I(YY)          3.925000E-14                  7.850000E-14
      I(ZZ)          3.925000E-14                  7.850000E-14
      I(XY)         -2.282810E-22                 -1.962500E-14
      I(YZ)         -2.282810E-22                 -1.962500E-14
      I(ZX)         -2.282810E-22                 -1.962500E-14

-------------------------------------------------------------------------------
 STABLE TIME INCREMENT INFORMATION
-------------------------------------------------------------------------------


  The stable time increment estimate for each element is based on
  linearization about the initial state. The stable time increment estimates
  do not account for mass scaling.


   Initial time increment = 3.30877E-08

   Statistics for all elements:
      Mean = 3.30877E-08
      Standard deviation = 0.0000

   Most critical elements:
    Element number   Rank    Time increment   Increment ratio
   ----------------------------------------------------------
           1          1       3.308768E-08      1.000000E+00


Abaqus/Explicit 2023                             DATE 19-Jun-2024  TIME 15:07:47

The double precision Abaqus/Explicit executable will be used in this analysis.


-------------------------------------------------------------------------------
 SOLUTION PROGRESS
-------------------------------------------------------------------------------

 STEP 1  ORIGIN 0.0000

  Total memory used for step 1 is approximately 371.3 kilobytes.
  Global time estimation algorithm will be used.
  Scaling factor:  1.0000
              STEP     TOTAL      WALL      STABLE    CRITICAL    KINETIC      TOTAL    PERCENT
INCREMENT     TIME      TIME      TIME   INCREMENT     ELEMENT     ENERGY     ENERGY  CHNG MASS
        0  0.000E+00 0.000E+00  00:00:00 5.000E-06           1  4.481E-10  4.481E-10  2.283E+06
Output Field Frame Number   0, of   20, at step time 0.000E+00
     7420  5.000E-02 5.000E-02  00:00:00 6.450E-06           1  7.902E-10 -1.703E-03  2.283E+06
Output Field Frame Number   1, of   20, at step time 5.000E-02
    14956  1.000E-01 1.000E-01  00:00:01 6.399E-06           1  7.956E-10 -1.703E-03  2.283E+06
Output Field Frame Number   2, of   20, at step time 1.000E-01
    22536  1.500E-01 1.500E-01  00:00:02 6.717E-06           1  7.533E-10 -1.703E-03  2.283E+06
Output Field Frame Number   3, of   20, at step time 1.500E-01
    30175  2.000E-01 2.000E-01  00:00:03 6.663E-06           1  7.251E-10 -1.703E-03  2.283E+06
Output Field Frame Number   4, of   20, at step time 2.000E-01
    37919  2.500E-01 2.500E-01  00:00:03 6.519E-06           1  9.215E-10 -1.703E-03  2.283E+06
Output Field Frame Number   5, of   20, at step time 2.500E-01
    45783  3.000E-01 3.000E-01  00:00:04 6.192E-06           1  8.693E-10 -1.703E-03  2.283E+06
Output Field Frame Number   6, of   20, at step time 3.000E-01
    53761  3.500E-01 3.500E-01  00:00:05 6.214E-06           1  6.965E-10 -1.703E-03  2.283E+06
Output Field Frame Number   7, of   20, at step time 3.500E-01
    61825  4.000E-01 4.000E-01  00:00:05 6.108E-06           1  7.216E-10 -1.703E-03  2.283E+06
Output Field Frame Number   8, of   20, at step time 4.000E-01
    69929  4.500E-01 4.500E-01  00:00:06 6.286E-06           1  6.680E-10 -1.703E-03  2.283E+06
Output Field Frame Number   9, of   20, at step time 4.500E-01
    79031  5.000E-01 5.000E-01  00:00:07 4.173E-06           1  1.803E-05 -4.073E-03  2.283E+06
Output Field Frame Number  10, of   20, at step time 5.000E-01
    90987  5.500E-01 5.500E-01  00:00:08 4.179E-06           1  3.171E-08 -1.409E-02  2.283E+06
Output Field Frame Number  11, of   20, at step time 5.500E-01
   102727  6.000E-01 6.000E-01  00:00:09 3.970E-06           1  7.977E-08 -1.205E-02  2.283E+06
Output Field Frame Number  12, of   20, at step time 6.000E-01
   115494  6.500E-01 6.500E-01  00:00:10 3.895E-06           1  3.636E-07 -1.511E-02  2.283E+06
Output Field Frame Number  13, of   20, at step time 6.500E-01
   128508  7.000E-01 7.000E-01  00:00:11 3.750E-06           1  1.356E-07 -1.904E-02  2.283E+06
Output Field Frame Number  14, of   20, at step time 7.000E-01
   141857  7.500E-01 7.500E-01  00:00:12 3.671E-06           1  8.187E-07 -2.308E-02  2.283E+06
Output Field Frame Number  15, of   20, at step time 7.500E-01
   155459  8.000E-01 8.000E-01  00:00:13 3.611E-06           1  2.214E-07 -2.636E-02  2.283E+06
Output Field Frame Number  16, of   20, at step time 8.000E-01
   169393  8.500E-01 8.500E-01  00:00:14 3.533E-06           1  1.851E-05 -3.123E-02  2.283E+06
Output Field Frame Number  17, of   20, at step time 8.500E-01
   183624  9.000E-01 9.000E-01  00:00:14 3.470E-06           1  2.815E-05 -4.264E-02  2.283E+06
Output Field Frame Number  18, of   20, at step time 9.000E-01
   198170  9.500E-01 9.500E-01  00:00:15 3.401E-06           1  4.338E-06 -5.469E-02  2.283E+06
Output Field Frame Number  19, of   20, at step time 9.500E-01
   213029  1.000E+00 1.000E+00  00:00:16 3.343E-06           1  5.073E-06 -6.618E-02  2.283E+06
Restart Number  1 at 1.0000
Output Field Frame Number  20, of   20, at step time 1.000E+00
  EXPLICIT EXECUTABLE TIME SUMMARY
       USER TIME (SEC)      =   7.0000
       SYSTEM TIME (SEC)    =  0.20000
       WALLCLOCK TIME (SEC) =           16
              INIT (SEC) =          0
              MAIN (SEC) =         16

  THE ANALYSIS HAS COMPLETED SUCCESSFULLY

