Abaqus JOB temp_CH_00
Abaqus 6.13-2
"explicit" license request queued for the License Server. 
Total time in queue: 0 seconds.
"explicit" license request queued for the License Server. 
Total time in queue: 30 seconds.
"explicit" license request queued for the License Server. 
Total time in queue: 60 seconds.
"explicit" license request queued for the License Server. 
Total time in queue: 90 seconds.
"explicit" license request queued for the License Server. 
Total time in queue: 120 seconds.
"explicit" license request queued for the License Server. 
Total time in queue: 150 seconds.
"explicit" license request queued for the License Server. 
Total time in queue: 180 seconds.
"explicit" license request queued for the License Server. 
Total time in queue: 210 seconds.
"explicit" license request queued for the License Server. 
Total time in queue: 240 seconds.
"explicit" license request queued for the License Server. 
Total time in queue: 270 seconds.
"explicit" license request queued for the License Server. 
Total time in queue: 300 seconds.
"explicit" license request queued for the License Server. 
Total time in queue: 330 seconds.
"explicit" license request queued for the License Server. 
Total time in queue: 360 seconds.
"explicit" license request queued for the License Server. 
Total time in queue: 390 seconds.
"explicit" license request queued for the License Server. 
Total time in queue: 420 seconds.
"explicit" license request queued for the License Server. 
Total time in queue: 450 seconds.
"explicit" license request queued for the License Server. 
Total time in queue: 480 seconds.
"explicit" license request queued for the License Server. 
Total time in queue: 510 seconds.
"explicit" license request queued for the License Server. 
Total time in queue: 540 seconds.
"explicit" license request queued for the License Server. 
Total time in queue: 570 seconds.
"explicit" license request queued for the License Server. 
Total time in queue: 600 seconds.
"explicit" license request queued for the License Server. 
Total time in queue: 630 seconds.
"explicit" license request queued for the License Server. 
Total time in queue: 660 seconds.
"explicit" license request queued for the License Server. 
Total time in queue: 690 seconds.
"explicit" license request queued for the License Server. 
Total time in queue: 720 seconds.
"explicit" license request queued for the License Server. 
Total time in queue: 750 seconds.
"explicit" license request queued for the License Server. 
Total time in queue: 780 seconds.
"explicit" license request queued for the License Server. 
Total time in queue: 810 seconds.
"explicit" license request queued for the License Server. 
Total time in queue: 840 seconds.
"explicit" license request queued for the License Server. 
Total time in queue: 870 seconds.
"explicit" license request queued for the License Server. 
Total time in queue: 900 seconds.
"explicit" license request queued for the License Server. 
Total time in queue: 930 seconds.
"explicit" license request queued for the License Server. 
Total time in queue: 960 seconds.
"explicit" license request queued for the License Server. 
Total time in queue: 990 seconds.
"explicit" license request queued for the License Server. 
Total time in queue: 1020 seconds.
"explicit" license request queued for the License Server. 
Total time in queue: 1050 seconds.
"explicit" license request queued for the License Server. 
Total time in queue: 1080 seconds.
"explicit" license request queued for the License Server. 
Total time in queue: 1110 seconds.
"explicit" license request queued for the License Server. 
Total time in queue: 1140 seconds.
"explicit" license request queued for the License Server. 
Total time in queue: 1170 seconds.
"explicit" license request queued for the License Server. 
Total time in queue: 1200 seconds.
"explicit" license request queued for the License Server. 
Total time in queue: 1230 seconds.
"explicit" license request queued for the License Server. 
Total time in queue: 1260 seconds.
"explicit" license request queued for the License Server. 
Total time in queue: 1290 seconds.
"explicit" license request queued for the License Server. 
Total time in queue: 1320 seconds.
"explicit" license request queued for the License Server. 
Total time in queue: 1350 seconds.
"explicit" license request queued for the License Server. 
Total time in queue: 1380 seconds.
"explicit" license request queued for the License Server. 
Total time in queue: 1410 seconds.
"explicit" license request queued for the License Server. 
Total time in queue: 1440 seconds.
"explicit" license request queued for the License Server. 
Total time in queue: 1470 seconds.
"explicit" license request queued for the License Server. 
Total time in queue: 1500 seconds.
"explicit" license request queued for the License Server. 
Total time in queue: 1530 seconds.
"explicit" license request queued for the License Server. 
Total time in queue: 1560 seconds.
"explicit" license request queued for the License Server. 
Total time in queue: 1590 seconds.
"explicit" license request queued for the License Server. 
Total time in queue: 1620 seconds.
"explicit" license request queued for the License Server. 
Total time in queue: 1650 seconds.
"explicit" license request queued for the License Server. 
Total time in queue: 1680 seconds.
"explicit" license request queued for the License Server. 
Total time in queue: 1710 seconds.
"explicit" license request queued for the License Server. 
Total time in queue: 1740 seconds.
"explicit" license request queued for the License Server. 
Total time in queue: 1770 seconds.
"explicit" license request queued for the License Server. 
Total time in queue: 1800 seconds.
"explicit" license request queued for the License Server. 
Total time in queue: 1830 seconds.
"explicit" license request queued for the License Server. 
Total time in queue: 1860 seconds.
"explicit" license request queued for the License Server. 
Total time in queue: 1890 seconds.
"explicit" license request queued for the License Server. 
Total time in queue: 1920 seconds.
"explicit" license request queued for the License Server. 
Total time in queue: 1950 seconds.
"explicit" license request queued for the License Server. 
Total time in queue: 1980 seconds.
"explicit" license request queued for the License Server. 
Total time in queue: 2010 seconds.
"explicit" license request queued for the License Server. 
Total time in queue: 2040 seconds.
"explicit" license request queued for the License Server. 
Total time in queue: 2070 seconds.
"explicit" license request queued for the License Server. 
Total time in queue: 2100 seconds.
"explicit" license request queued for the License Server. 
Total time in queue: 2130 seconds.
"explicit" license request queued for the License Server. 
Total time in queue: 2160 seconds.
"explicit" license request queued for the License Server. 
Total time in queue: 2190 seconds.
"explicit" license request queued for the License Server. 
Total time in queue: 2220 seconds.
"explicit" license request queued for the License Server. 
Total time in queue: 2250 seconds.
"explicit" license request queued for the License Server. 
Total time in queue: 2280 seconds.
"explicit" license request queued for the License Server. 
Total time in queue: 2310 seconds.
"explicit" license request queued for the License Server. 
Total time in queue: 2340 seconds.
"explicit" license request queued for the License Server. 
Total time in queue: 2370 seconds.
"explicit" license request queued for the License Server. 
Total time in queue: 2400 seconds.
"explicit" license request queued for the License Server. 
Total time in queue: 2430 seconds.
"explicit" license request queued for the License Server. 
Total time in queue: 2460 seconds.
"explicit" license request queued for the License Server. 
Total time in queue: 2490 seconds.
"explicit" license request queued for the License Server. 
Total time in queue: 2520 seconds.
"explicit" license request queued for the License Server. 
Total time in queue: 2550 seconds.
"explicit" license request queued for the License Server. 
Total time in queue: 2580 seconds.
"explicit" license request queued for the License Server. 
Total time in queue: 2610 seconds.
"explicit" license request queued for the License Server. 
Total time in queue: 2640 seconds.
"explicit" license request queued for the License Server. 
Total time in queue: 2670 seconds.
"explicit" license request queued for the License Server. 
Total time in queue: 2700 seconds.
"explicit" license request queued for the License Server. 
Total time in queue: 2730 seconds.
"explicit" license request queued for the License Server. 
Total time in queue: 2760 seconds.
"explicit" license request queued for the License Server. 
Total time in queue: 2790 seconds.
"explicit" license request queued for the License Server. 
Total time in queue: 2820 seconds.
"explicit" license request queued for the License Server. 
Total time in queue: 2850 seconds.
"explicit" license request queued for the License Server. 
Total time in queue: 2880 seconds.
"explicit" license request queued for the License Server. 
Total time in queue: 2910 seconds.
"explicit" license request queued for the License Server. 
Total time in queue: 2940 seconds.
"explicit" license request queued for the License Server. 
Total time in queue: 2970 seconds.
"explicit" license request queued for the License Server. 
Total time in queue: 3000 seconds.
"explicit" license request queued for the License Server. 
Total time in queue: 3030 seconds.
"explicit" license request queued for the License Server. 
Total time in queue: 3060 seconds.
"explicit" license request queued for the License Server. 
Total time in queue: 3090 seconds.
"explicit" license request queued for the License Server. 
Total time in queue: 3120 seconds.
"explicit" license request queued for the License Server. 
Total time in queue: 3150 seconds.
"explicit" license request queued for the License Server. 
Total time in queue: 3180 seconds.
"explicit" license request queued for the License Server. 
Total time in queue: 3210 seconds.
"explicit" license request queued for the License Server. 
Total time in queue: 3240 seconds.
"explicit" license request queued for the License Server. 
Total time in queue: 3270 seconds.
"explicit" license request queued for the License Server. 
Total time in queue: 3300 seconds.
"explicit" license request queued for the License Server. 
Total time in queue: 3330 seconds.
"explicit" license request queued for the License Server. 
Total time in queue: 3360 seconds.
"explicit" license request queued for the License Server. 
Total time in queue: 3390 seconds.
"explicit" license request queued for the License Server. 
Total time in queue: 3420 seconds.
"explicit" license request queued for the License Server. 
Total time in queue: 3450 seconds.
"explicit" license request queued for the License Server. 
Total time in queue: 3480 seconds.
"explicit" license request queued for the License Server. 
Total time in queue: 3510 seconds.
"explicit" license request queued for the License Server. 
Total time in queue: 3540 seconds.
"explicit" license request queued for the License Server. 
Total time in queue: 3570 seconds.
"explicit" license request queued for the License Server. 
Total time in queue: 3600 seconds.
"explicit" license request queued for the License Server. 
Total time in queue: 3630 seconds.
"explicit" license request queued for the License Server. 
Total time in queue: 3660 seconds.
"explicit" license request queued for the License Server. 
Total time in queue: 3690 seconds.
"explicit" license request queued for the License Server. 
Total time in queue: 3720 seconds.
"explicit" license request queued for the License Server. 
Total time in queue: 3750 seconds.
"explicit" license request queued for the License Server. 
Total time in queue: 3780 seconds.
"explicit" license request queued for the License Server. 
Total time in queue: 3810 seconds.
"explicit" license request queued for the License Server. 
Total time in queue: 3840 seconds.
"explicit" license request queued for the License Server. 
Total time in queue: 3870 seconds.
"explicit" license request queued for the License Server. 
Total time in queue: 3900 seconds.
Abaqus License Manager checked out the following licenses:
Abaqus/Explicit checked out 14 tokens.
<28 out of 1454 licenses remain available>.
Begin Compiling Double Precision Abaqus/Explicit User Subroutines
Thu Mar  9 16:11:51 2023
Intel(R) Fortran Intel(R) 64 Compiler for applications running on Intel(R) 64, Version 18.0.1.163 Build 20171018
Copyright (C) 1985-2017 Intel Corporation.  All rights reserved.

VUMAT_explicit.f(679): warning #6371: A jump into a block from outside the block may have occurred.   [20]
             IF (FAILflag.gt.1) GOTO 20
-------------------------------------^
VUMAT_explicit.f(680): warning #6371: A jump into a block from outside the block may have occurred.   [21]
             IF (FAILflag.le.1) GOTO 21
-------------------------------------^
 Intel(R) Fortran 18.0-1599
End Compiling Double Precision Abaqus/Explicit User Subroutines
Begin Linking Double Precision Abaqus/Explicit User Subroutines
Intel(R) Fortran Intel(R) 64 Compiler for applications running on Intel(R) 64, Version 18.0.1.163 Build 20171018
Copyright (C) 1985-2017 Intel Corporation.  All rights reserved.
ifort: command line remark #10148: option '-i-dynamic' not supported

GNU ld version 2.27-44.base.el7_9.1
End Linking Double Precision Abaqus/Explicit User Subroutines
Thu Mar  9 16:11:55 2023
Begin Compiling Single Precision Abaqus/Package User Subroutines
Thu Mar  9 16:11:55 2023
Intel(R) Fortran Intel(R) 64 Compiler for applications running on Intel(R) 64, Version 18.0.1.163 Build 20171018
Copyright (C) 1985-2017 Intel Corporation.  All rights reserved.

VUMAT_explicit.f(679): warning #6371: A jump into a block from outside the block may have occurred.   [20]
             IF (FAILflag.gt.1) GOTO 20
-------------------------------------^
VUMAT_explicit.f(680): warning #6371: A jump into a block from outside the block may have occurred.   [21]
             IF (FAILflag.le.1) GOTO 21
-------------------------------------^
 Intel(R) Fortran 18.0-1599
End Compiling Single Precision Abaqus/Package User Subroutines
Begin Linking Single Precision Abaqus/Package User Subroutines
Intel(R) Fortran Intel(R) 64 Compiler for applications running on Intel(R) 64, Version 18.0.1.163 Build 20171018
Copyright (C) 1985-2017 Intel Corporation.  All rights reserved.
ifort: command line remark #10148: option '-i-dynamic' not supported

GNU ld version 2.27-44.base.el7_9.1
End Linking Single Precision Abaqus/Package User Subroutines
Thu Mar  9 16:11:58 2023
Begin Analysis Input File Processor
Thu Mar  9 16:11:58 2023
Run pre
Thu Mar  9 16:12:00 2023
End Analysis Input File Processor
Begin Abaqus/Explicit Packager
Thu Mar  9 16:12:00 2023
Run package
Thu Mar  9 16:12:02 2023
End Abaqus/Explicit Packager
Begin Abaqus/Explicit Analysis
Thu Mar  9 16:12:02 2023
Run explicit_dp
Thu Mar  9 17:01:52 2023
End Abaqus/Explicit Analysis
Begin State File Translator
Thu Mar  9 17:01:56 2023
Run state
Thu Mar  9 17:01:57 2023
End State File Translator
Begin Selected Results Merger
Thu Mar  9 17:01:57 2023
Run mergeSel
Thu Mar  9 17:02:02 2023
End Selected Results Merger
Begin Selected Results Translator
Thu Mar  9 17:02:02 2023
Run select
Thu Mar  9 17:02:03 2023
End Selected Results Translator
Abaqus JOB temp_CH_00 COMPLETED
