Abaqus JOB temp_NT6_00
Abaqus 6.13-2
"explicit" license request queued for the License Server. 
Total time in queue: 0 seconds.
"explicit" license request queued for the License Server. 
Total time in queue: 30 seconds.
"explicit" license request queued for the License Server. 
Total time in queue: 60 seconds.
"explicit" license request queued for the License Server. 
Total time in queue: 90 seconds.
"explicit" license request queued for the License Server. 
Total time in queue: 120 seconds.
"explicit" license request queued for the License Server. 
Total time in queue: 150 seconds.
"explicit" license request queued for the License Server. 
Total time in queue: 180 seconds.
"explicit" license request queued for the License Server. 
Total time in queue: 210 seconds.
"explicit" license request queued for the License Server. 
Total time in queue: 240 seconds.
"explicit" license request queued for the License Server. 
Total time in queue: 270 seconds.
"explicit" license request queued for the License Server. 
Total time in queue: 300 seconds.
"explicit" license request queued for the License Server. 
Total time in queue: 330 seconds.
"explicit" license request queued for the License Server. 
Total time in queue: 360 seconds.
"explicit" license request queued for the License Server. 
Total time in queue: 390 seconds.
"explicit" license request queued for the License Server. 
Total time in queue: 420 seconds.
"explicit" license request queued for the License Server. 
Total time in queue: 450 seconds.
"explicit" license request queued for the License Server. 
Total time in queue: 480 seconds.
"explicit" license request queued for the License Server. 
Total time in queue: 510 seconds.
"explicit" license request queued for the License Server. 
Total time in queue: 540 seconds.
"explicit" license request queued for the License Server. 
Total time in queue: 570 seconds.
"explicit" license request queued for the License Server. 
Total time in queue: 600 seconds.
"explicit" license request queued for the License Server. 
Total time in queue: 630 seconds.
"explicit" license request queued for the License Server. 
Total time in queue: 660 seconds.
"explicit" license request queued for the License Server. 
Total time in queue: 690 seconds.
"explicit" license request queued for the License Server. 
Total time in queue: 721 seconds.
"explicit" license request queued for the License Server. 
Total time in queue: 751 seconds.
"explicit" license request queued for the License Server. 
Total time in queue: 781 seconds.
"explicit" license request queued for the License Server. 
Total time in queue: 811 seconds.
"explicit" license request queued for the License Server. 
Total time in queue: 841 seconds.
"explicit" license request queued for the License Server. 
Total time in queue: 871 seconds.
"explicit" license request queued for the License Server. 
Total time in queue: 901 seconds.
"explicit" license request queued for the License Server. 
Total time in queue: 931 seconds.
"explicit" license request queued for the License Server. 
Total time in queue: 961 seconds.
"explicit" license request queued for the License Server. 
Total time in queue: 991 seconds.
"explicit" license request queued for the License Server. 
Total time in queue: 1021 seconds.
"explicit" license request queued for the License Server. 
Total time in queue: 1051 seconds.
"explicit" license request queued for the License Server. 
Total time in queue: 1081 seconds.
"explicit" license request queued for the License Server. 
Total time in queue: 1111 seconds.
"explicit" license request queued for the License Server. 
Total time in queue: 1141 seconds.
"explicit" license request queued for the License Server. 
Total time in queue: 1171 seconds.
"explicit" license request queued for the License Server. 
Total time in queue: 1201 seconds.
"explicit" license request queued for the License Server. 
Total time in queue: 1231 seconds.
"explicit" license request queued for the License Server. 
Total time in queue: 1261 seconds.
"explicit" license request queued for the License Server. 
Total time in queue: 1291 seconds.
"explicit" license request queued for the License Server. 
Total time in queue: 1321 seconds.
"explicit" license request queued for the License Server. 
Total time in queue: 1351 seconds.
"explicit" license request queued for the License Server. 
Total time in queue: 1381 seconds.
"explicit" license request queued for the License Server. 
Total time in queue: 1411 seconds.
"explicit" license request queued for the License Server. 
Total time in queue: 1441 seconds.
"explicit" license request queued for the License Server. 
Total time in queue: 1471 seconds.
"explicit" license request queued for the License Server. 
Total time in queue: 1501 seconds.
"explicit" license request queued for the License Server. 
Total time in queue: 1531 seconds.
"explicit" license request queued for the License Server. 
Total time in queue: 1561 seconds.
"explicit" license request queued for the License Server. 
Total time in queue: 1591 seconds.
"explicit" license request queued for the License Server. 
Total time in queue: 1621 seconds.
"explicit" license request queued for the License Server. 
Total time in queue: 1651 seconds.
"explicit" license request queued for the License Server. 
Total time in queue: 1681 seconds.
"explicit" license request queued for the License Server. 
Total time in queue: 1711 seconds.
"explicit" license request queued for the License Server. 
Total time in queue: 1741 seconds.
"explicit" license request queued for the License Server. 
Total time in queue: 1771 seconds.
"explicit" license request queued for the License Server. 
Total time in queue: 1801 seconds.
"explicit" license request queued for the License Server. 
Total time in queue: 1831 seconds.
"explicit" license request queued for the License Server. 
Total time in queue: 1861 seconds.
"explicit" license request queued for the License Server. 
Total time in queue: 1891 seconds.
"explicit" license request queued for the License Server. 
Total time in queue: 1921 seconds.
"explicit" license request queued for the License Server. 
Total time in queue: 1951 seconds.
"explicit" license request queued for the License Server. 
Total time in queue: 1981 seconds.
"explicit" license request queued for the License Server. 
Total time in queue: 2011 seconds.
"explicit" license request queued for the License Server. 
Total time in queue: 2041 seconds.
"explicit" license request queued for the License Server. 
Total time in queue: 2071 seconds.
"explicit" license request queued for the License Server. 
Total time in queue: 2101 seconds.
"explicit" license request queued for the License Server. 
Total time in queue: 2131 seconds.
"explicit" license request queued for the License Server. 
Total time in queue: 2161 seconds.
"explicit" license request queued for the License Server. 
Total time in queue: 2191 seconds.
"explicit" license request queued for the License Server. 
Total time in queue: 2221 seconds.
"explicit" license request queued for the License Server. 
Total time in queue: 2251 seconds.
"explicit" license request queued for the License Server. 
Total time in queue: 2281 seconds.
"explicit" license request queued for the License Server. 
Total time in queue: 2311 seconds.
"explicit" license request queued for the License Server. 
Total time in queue: 2341 seconds.
"explicit" license request queued for the License Server. 
Total time in queue: 2371 seconds.
"explicit" license request queued for the License Server. 
Total time in queue: 2401 seconds.
"explicit" license request queued for the License Server. 
Total time in queue: 2431 seconds.
"explicit" license request queued for the License Server. 
Total time in queue: 2461 seconds.
"explicit" license request queued for the License Server. 
Total time in queue: 2491 seconds.
"explicit" license request queued for the License Server. 
Total time in queue: 2521 seconds.
"explicit" license request queued for the License Server. 
Total time in queue: 2551 seconds.
"explicit" license request queued for the License Server. 
Total time in queue: 2581 seconds.
"explicit" license request queued for the License Server. 
Total time in queue: 2611 seconds.
"explicit" license request queued for the License Server. 
Total time in queue: 2641 seconds.
"explicit" license request queued for the License Server. 
Total time in queue: 2671 seconds.
"explicit" license request queued for the License Server. 
Total time in queue: 2701 seconds.
"explicit" license request queued for the License Server. 
Total time in queue: 2731 seconds.
"explicit" license request queued for the License Server. 
Total time in queue: 2761 seconds.
"explicit" license request queued for the License Server. 
Total time in queue: 2791 seconds.
"explicit" license request queued for the License Server. 
Total time in queue: 2821 seconds.
"explicit" license request queued for the License Server. 
Total time in queue: 2851 seconds.
"explicit" license request queued for the License Server. 
Total time in queue: 2881 seconds.
"explicit" license request queued for the License Server. 
Total time in queue: 2911 seconds.
"explicit" license request queued for the License Server. 
Total time in queue: 2941 seconds.
"explicit" license request queued for the License Server. 
Total time in queue: 2971 seconds.
"explicit" license request queued for the License Server. 
Total time in queue: 3001 seconds.
"explicit" license request queued for the License Server. 
Total time in queue: 3031 seconds.
"explicit" license request queued for the License Server. 
Total time in queue: 3061 seconds.
"explicit" license request queued for the License Server. 
Total time in queue: 3091 seconds.
"explicit" license request queued for the License Server. 
Total time in queue: 3121 seconds.
"explicit" license request queued for the License Server. 
Total time in queue: 3151 seconds.
"explicit" license request queued for the License Server. 
Total time in queue: 3181 seconds.
"explicit" license request queued for the License Server. 
Total time in queue: 3211 seconds.
"explicit" license request queued for the License Server. 
Total time in queue: 3241 seconds.
"explicit" license request queued for the License Server. 
Total time in queue: 3271 seconds.
"explicit" license request queued for the License Server. 
Total time in queue: 3301 seconds.
"explicit" license request queued for the License Server. 
Total time in queue: 3331 seconds.
"explicit" license request queued for the License Server. 
Total time in queue: 3361 seconds.
"explicit" license request queued for the License Server. 
Total time in queue: 3391 seconds.
"explicit" license request queued for the License Server. 
Total time in queue: 3421 seconds.
"explicit" license request queued for the License Server. 
Total time in queue: 3451 seconds.
"explicit" license request queued for the License Server. 
Total time in queue: 3481 seconds.
"explicit" license request queued for the License Server. 
Total time in queue: 3511 seconds.
"explicit" license request queued for the License Server. 
Total time in queue: 3541 seconds.
"explicit" license request queued for the License Server. 
Total time in queue: 3571 seconds.
"explicit" license request queued for the License Server. 
Total time in queue: 3601 seconds.
"explicit" license request queued for the License Server. 
Total time in queue: 3631 seconds.
"explicit" license request queued for the License Server. 
Total time in queue: 3661 seconds.
"explicit" license request queued for the License Server. 
Total time in queue: 3691 seconds.
"explicit" license request queued for the License Server. 
Total time in queue: 3721 seconds.
"explicit" license request queued for the License Server. 
Total time in queue: 3751 seconds.
"explicit" license request queued for the License Server. 
Total time in queue: 3781 seconds.
"explicit" license request queued for the License Server. 
Total time in queue: 3811 seconds.
"explicit" license request queued for the License Server. 
Total time in queue: 3841 seconds.
"explicit" license request queued for the License Server. 
Total time in queue: 3871 seconds.
Abaqus License Manager checked out the following licenses:
Abaqus/Explicit checked out 14 tokens.
<28 out of 1454 licenses remain available>.
Begin Compiling Double Precision Abaqus/Explicit User Subroutines
Thu Mar  9 16:11:30 2023
Intel(R) Fortran Intel(R) 64 Compiler for applications running on Intel(R) 64, Version 18.0.1.163 Build 20171018
Copyright (C) 1985-2017 Intel Corporation.  All rights reserved.

VUMAT_explicit.f(679): warning #6371: A jump into a block from outside the block may have occurred.   [20]
             IF (FAILflag.gt.1) GOTO 20
-------------------------------------^
VUMAT_explicit.f(680): warning #6371: A jump into a block from outside the block may have occurred.   [21]
             IF (FAILflag.le.1) GOTO 21
-------------------------------------^
 Intel(R) Fortran 18.0-1599
End Compiling Double Precision Abaqus/Explicit User Subroutines
Begin Linking Double Precision Abaqus/Explicit User Subroutines
Intel(R) Fortran Intel(R) 64 Compiler for applications running on Intel(R) 64, Version 18.0.1.163 Build 20171018
Copyright (C) 1985-2017 Intel Corporation.  All rights reserved.
ifort: command line remark #10148: option '-i-dynamic' not supported

GNU ld version 2.27-44.base.el7_9.1
End Linking Double Precision Abaqus/Explicit User Subroutines
Thu Mar  9 16:11:33 2023
Begin Compiling Single Precision Abaqus/Package User Subroutines
Thu Mar  9 16:11:34 2023
Intel(R) Fortran Intel(R) 64 Compiler for applications running on Intel(R) 64, Version 18.0.1.163 Build 20171018
Copyright (C) 1985-2017 Intel Corporation.  All rights reserved.

VUMAT_explicit.f(679): warning #6371: A jump into a block from outside the block may have occurred.   [20]
             IF (FAILflag.gt.1) GOTO 20
-------------------------------------^
VUMAT_explicit.f(680): warning #6371: A jump into a block from outside the block may have occurred.   [21]
             IF (FAILflag.le.1) GOTO 21
-------------------------------------^
 Intel(R) Fortran 18.0-1599
End Compiling Single Precision Abaqus/Package User Subroutines
Begin Linking Single Precision Abaqus/Package User Subroutines
Intel(R) Fortran Intel(R) 64 Compiler for applications running on Intel(R) 64, Version 18.0.1.163 Build 20171018
Copyright (C) 1985-2017 Intel Corporation.  All rights reserved.
ifort: command line remark #10148: option '-i-dynamic' not supported

GNU ld version 2.27-44.base.el7_9.1
End Linking Single Precision Abaqus/Package User Subroutines
Thu Mar  9 16:11:37 2023
Begin Analysis Input File Processor
Thu Mar  9 16:11:37 2023
Run pre
Thu Mar  9 16:11:39 2023
End Analysis Input File Processor
Begin Abaqus/Explicit Packager
Thu Mar  9 16:11:39 2023
Run package
Thu Mar  9 16:11:42 2023
End Abaqus/Explicit Packager
Begin Abaqus/Explicit Analysis
Thu Mar  9 16:11:42 2023
Run explicit_dp
Thu Mar  9 16:53:11 2023
End Abaqus/Explicit Analysis
Begin State File Translator
Thu Mar  9 16:53:12 2023
Run state
Thu Mar  9 16:53:13 2023
End State File Translator
Begin Selected Results Merger
Thu Mar  9 16:53:13 2023
Run mergeSel
Thu Mar  9 16:53:13 2023
End Selected Results Merger
Begin Selected Results Translator
Thu Mar  9 16:53:13 2023
Run select
Thu Mar  9 16:53:14 2023
End Selected Results Translator
Abaqus JOB temp_NT6_00 COMPLETED
